<?xml version="1.0" encoding="UTF-8"?>
<!-- Generated by org.testng.reporters.JUnitReportReporter -->
<testsuite skipped="0" hostname="Yasin" name="com.rony.baseClass.TestBase" tests="1" failures="0" timestamp="2019-12-25T14:02:21 EST" time="17.915" errors="0">
  <testcase name="initialization" time="17.915" classname="com.rony.baseClass.TestBase"/>
</testsuite> <!-- com.rony.baseClass.TestBase -->
