<?xml version="1.0" encoding="UTF-8"?>
<!-- Generated by org.testng.reporters.JUnitReportReporter -->
<testsuite skipped="0" hostname="Yasin" name="com.testcase.TestLoginUsingFramework" tests="1" failures="0" timestamp="2019-12-28T14:18:37 EST" time="6.282" errors="0">
  <testcase name="validateLoginUsingCorrectCredential" time="6.282" classname="com.testcase.TestLoginUsingFramework"/>
</testsuite> <!-- com.testcase.TestLoginUsingFramework -->
