<?xml version="1.0" encoding="UTF-8"?>
<!-- Generated by org.testng.reporters.JUnitReportReporter -->
<testsuite skipped="0" hostname="Yasin" name="com.testcase.TestLogin" tests="1" failures="0" timestamp="25 Dec 2019 02:04:31 GMT" time="23.317" errors="0">
  <testcase name="validateLoginWithCorrectCredential" time="23.317" classname="com.testcase.TestLogin"/>
</testsuite> <!-- com.testcase.TestLogin -->
